# JRE version: Java(TM) SE Runtime Environment (8.0_111-b14) (build 1.8.0_111-b14)
# Java VM: Java HotSpot(TM) 64-Bit Server VM (25.111-b14 mixed mode windows-amd64 compressed oops)
Heap:
 PSYoungGen      total 103936K, used 91136K [0x00000000d5a00000, 0x00000000e0800000, 0x0000000100000000)
  eden space 91136K, 100% used [0x00000000d5a00000,0x00000000db300000,0x00000000db300000)
  from space 12800K, 0% used [0x00000000db300000,0x00000000db300000,0x00000000dbf80000)
  to   space 13312K, 51% used [0x00000000dfb00000,0x00000000e01b6cb0,0x00000000e0800000)
 ParOldGen       total 88064K, used 14827K [0x0000000080e00000, 0x0000000086400000, 0x00000000d5a00000)
  object space 88064K, 16% used [0x0000000080e00000,0x0000000081c7adc0,0x0000000086400000)
 Metaspace       used 38842K, capacity 41061K, committed 41216K, reserved 1085440K
  class space    used 5157K, capacity 5585K, committed 5632K, reserved 1048576K
GC Heap History (10 events):
Event: 4.003 GC heap after
Heap after GC invocations=5 (full 1):
 PSYoungGen      total 59904K, used 3675K [0x00000000d5a00000, 0x00000000da400000, 0x0000000100000000)
  eden space 55808K, 0% used [0x00000000d5a00000,0x00000000d5a00000,0x00000000d9080000)
  from space 4096K, 89% used [0x00000000da000000,0x00000000da396d00,0x00000000da400000)
  to   space 5120K, 0% used [0x00000000d9a00000,0x00000000d9a00000,0x00000000d9f00000)
 ParOldGen       total 58368K, used 8974K [0x0000000080e00000, 0x0000000084700000, 0x00000000d5a00000)
  object space 58368K, 15% used [0x0000000080e00000,0x00000000816c3bc0,0x0000000084700000)
 Metaspace       used 22470K, capacity 23288K, committed 23424K, reserved 1069056K
  class space    used 2986K, capacity 3196K, committed 3200K, reserved 1048576K
}
Event: 4.579 GC heap before
{Heap before GC invocations=6 (full 1):
 PSYoungGen      total 59904K, used 59483K [0x00000000d5a00000, 0x00000000da400000, 0x0000000100000000)
  eden space 55808K, 100% used [0x00000000d5a00000,0x00000000d9080000,0x00000000d9080000)
  from space 4096K, 89% used [0x00000000da000000,0x00000000da396d00,0x00000000da400000)
  to   space 5120K, 0% used [0x00000000d9a00000,0x00000000d9a00000,0x00000000d9f00000)
 ParOldGen       total 58368K, used 8974K [0x0000000080e00000, 0x0000000084700000, 0x00000000d5a00000)
  object space 58368K, 15% used [0x0000000080e00000,0x00000000816c3bc0,0x0000000084700000)
 Metaspace       used 26021K, capacity 27088K, committed 27392K, reserved 1073152K
  class space    used 3479K, capacity 3726K, committed 3840K, reserved 1048576K
Event: 4.588 GC heap after
Heap after GC invocations=6 (full 1):
 PSYoungGen      total 70656K, used 5099K [0x00000000d5a00000, 0x00000000dca80000, 0x0000000100000000)
  eden space 65536K, 0% used [0x00000000d5a00000,0x00000000d5a00000,0x00000000d9a00000)
  from space 5120K, 99% used [0x00000000d9a00000,0x00000000d9efaed0,0x00000000d9f00000)
  to   space 11264K, 0% used [0x00000000dbf80000,0x00000000dbf80000,0x00000000dca80000)
 ParOldGen       total 58368K, used 12115K [0x0000000080e00000, 0x0000000084700000, 0x00000000d5a00000)
  object space 58368K, 20% used [0x0000000080e00000,0x00000000819d4c20,0x0000000084700000)
 Metaspace       used 26021K, capacity 27088K, committed 27392K, reserved 1073152K
  class space    used 3479K, capacity 3726K, committed 3840K, reserved 1048576K
}
Event: 5.554 GC heap before
{Heap before GC invocations=7 (full 1):
 PSYoungGen      total 70656K, used 70635K [0x00000000d5a00000, 0x00000000dca80000, 0x0000000100000000)
  eden space 65536K, 100% used [0x00000000d5a00000,0x00000000d9a00000,0x00000000d9a00000)
  from space 5120K, 99% used [0x00000000d9a00000,0x00000000d9efaed0,0x00000000d9f00000)
  to   space 11264K, 0% used [0x00000000dbf80000,0x00000000dbf80000,0x00000000dca80000)
 ParOldGen       total 58368K, used 12115K [0x0000000080e00000, 0x0000000084700000, 0x00000000d5a00000)
  object space 58368K, 20% used [0x0000000080e00000,0x00000000819d4c20,0x0000000084700000)
 Metaspace       used 31216K, capacity 32916K, committed 33280K, reserved 1077248K
  class space    used 4160K, capacity 4490K, committed 4608K, reserved 1048576K
Event: 5.565 GC heap after
Heap after GC invocations=7 (full 1):
 PSYoungGen      total 102400K, used 11078K [0x00000000d5a00000, 0x00000000ddc00000, 0x0000000100000000)
  eden space 91136K, 0% used [0x00000000d5a00000,0x00000000d5a00000,0x00000000db300000)
  from space 11264K, 98% used [0x00000000dbf80000,0x00000000dca51800,0x00000000dca80000)
  to   space 12800K, 0% used [0x00000000db300000,0x00000000db300000,0x00000000dbf80000)
 ParOldGen       total 58368K, used 12123K [0x0000000080e00000, 0x0000000084700000, 0x00000000d5a00000)
  object space 58368K, 20% used [0x0000000080e00000,0x00000000819d6c20,0x0000000084700000)
 Metaspace       used 31216K, capacity 32916K, committed 33280K, reserved 1077248K
  class space    used 4160K, capacity 4490K, committed 4608K, reserved 1048576K
}
Event: 6.055 GC heap before
{Heap before GC invocations=8 (full 1):
 PSYoungGen      total 102400K, used 43575K [0x00000000d5a00000, 0x00000000ddc00000, 0x0000000100000000)
  eden space 91136K, 35% used [0x00000000d5a00000,0x00000000d79bc788,0x00000000db300000)
  from space 11264K, 98% used [0x00000000dbf80000,0x00000000dca51800,0x00000000dca80000)
  to   space 12800K, 0% used [0x00000000db300000,0x00000000db300000,0x00000000dbf80000)
 ParOldGen       total 58368K, used 12123K [0x0000000080e00000, 0x0000000084700000, 0x00000000d5a00000)
  object space 58368K, 20% used [0x0000000080e00000,0x00000000819d6c20,0x0000000084700000)
 Metaspace       used 33584K, capacity 35449K, committed 35496K, reserved 1079296K
  class space    used 4499K, capacity 4864K, committed 4864K, reserved 1048576K
Event: 6.066 GC heap after
Heap after GC invocations=8 (full 1):
 PSYoungGen      total 103936K, used 9903K [0x00000000d5a00000, 0x00000000e0800000, 0x0000000100000000)
  eden space 91136K, 0% used [0x00000000d5a00000,0x00000000d5a00000,0x00000000db300000)
  from space 12800K, 77% used [0x00000000db300000,0x00000000dbcabd00,0x00000000dbf80000)
  to   space 13312K, 0% used [0x00000000dfb00000,0x00000000dfb00000,0x00000000e0800000)
 ParOldGen       total 58368K, used 12131K [0x0000000080e00000, 0x0000000084700000, 0x00000000d5a00000)
  object space 58368K, 20% used [0x0000000080e00000,0x00000000819d8c20,0x0000000084700000)
 Metaspace       used 33584K, capacity 35449K, committed 35496K, reserved 1079296K
  class space    used 4499K, capacity 4864K, committed 4864K, reserved 1048576K
}
Event: 6.066 GC heap before
{Heap before GC invocations=9 (full 2):
 PSYoungGen      total 103936K, used 9903K [0x00000000d5a00000, 0x00000000e0800000, 0x0000000100000000)
  eden space 91136K, 0% used [0x00000000d5a00000,0x00000000d5a00000,0x00000000db300000)
  from space 12800K, 77% used [0x00000000db300000,0x00000000dbcabd00,0x00000000dbf80000)
  to   space 13312K, 0% used [0x00000000dfb00000,0x00000000dfb00000,0x00000000e0800000)
 ParOldGen       total 58368K, used 12131K [0x0000000080e00000, 0x0000000084700000, 0x00000000d5a00000)
  object space 58368K, 20% used [0x0000000080e00000,0x00000000819d8c20,0x0000000084700000)
 Metaspace       used 33584K, capacity 35449K, committed 35496K, reserved 1079296K
  class space    used 4499K, capacity 4864K, committed 4864K, reserved 1048576K
Event: 6.150 GC heap after
Heap after GC invocations=9 (full 2):
 PSYoungGen      total 103936K, used 0K [0x00000000d5a00000, 0x00000000e0800000, 0x0000000100000000)
  eden space 91136K, 0% used [0x00000000d5a00000,0x00000000d5a00000,0x00000000db300000)
  from space 12800K, 0% used [0x00000000db300000,0x00000000db300000,0x00000000dbf80000)
  to   space 13312K, 0% used [0x00000000dfb00000,0x00000000dfb00000,0x00000000e0800000)
 ParOldGen       total 88064K, used 14819K [0x0000000080e00000, 0x0000000086400000, 0x00000000d5a00000)
  object space 88064K, 16% used [0x0000000080e00000,0x0000000081c78dc0,0x0000000086400000)
 Metaspace       used 33584K, capacity 35449K, committed 35496K, reserved 1079296K
  class space    used 4499K, capacity 4864K, committed 4864K, reserved 1048576K
}
Event: 7.037 GC heap before
{Heap before GC invocations=10 (full 2):
 PSYoungGen      total 103936K, used 91136K [0x00000000d5a00000, 0x00000000e0800000, 0x0000000100000000)
  eden space 91136K, 100% used [0x00000000d5a00000,0x00000000db300000,0x00000000db300000)
  from space 12800K, 0% used [0x00000000db300000,0x00000000db300000,0x00000000dbf80000)
  to   space 13312K, 0% used [0x00000000dfb00000,0x00000000dfb00000,0x00000000e0800000)
 ParOldGen       total 88064K, used 14819K [0x0000000080e00000, 0x0000000086400000, 0x00000000d5a00000)
  object space 88064K, 16% used [0x0000000080e00000,0x0000000081c78dc0,0x0000000086400000)
 Metaspace       used 38842K, capacity 41061K, committed 41216K, reserved 1085440K
  class space    used 5157K, capacity 5585K, committed 5632K, reserved 1048576K

